# JRE version: OpenJDK Runtime Environment Temurin-21.0.3+9 (21.0.3+9) (build 21.0.3+9-LTS)
# Java VM: OpenJDK 64-Bit Server VM Temurin-21.0.3+9 (21.0.3+9-LTS, mixed mode, tiered, compressed oops, compressed class ptrs, g1 gc, windows-amd64)
GC Precious Log:
 CardTable entry size: 512
 Card Set container configuration: InlinePtr #cards 4 size 8 Array Of Cards #cards 32 size 80 Howl #buckets 8 coarsen threshold 7372 Howl Bitmap #cards 1024 size 144 coarsen threshold 921 Card regions per heap region 1 cards per card region 8192
 CPUs: 5 total, 5 available
 Memory: 32510M
 Large Page Support: Disabled
 NUMA Support: Disabled
 Compressed Oops: Enabled (Zero based)
 Heap Region Size: 4M
 Heap Min Capacity: 8M
 Heap Initial Capacity: 508M
 Heap Max Capacity: 8128M
 Pre-touch: Disabled
 Parallel Workers: 5
 Concurrent Workers: 1
 Concurrent Refinement Workers: 5
 Periodic GC: Disabled
Heap:
 garbage-first heap   total 139264K, used 70428K [0x0000000604000000, 0x0000000800000000)
  region size 4096K, 11 young (45056K), 1 survivors (4096K)
 Metaspace       used 85420K, committed 86208K, reserved 1179648K
  class space    used 10983K, committed 11328K, reserved 1048576K
GC Heap History (20 events):
Event: 4.836 GC heap before
{Heap before GC invocations=11 (full 0):
 garbage-first heap   total 57344K, used 42604K [0x0000000604000000, 0x0000000800000000)
  region size 4096K, 6 young (24576K), 1 survivors (4096K)
 Metaspace       used 47105K, committed 47744K, reserved 1114112K
  class space    used 5700K, committed 6016K, reserved 1048576K
}
Event: 4.839 GC heap after
{Heap after GC invocations=12 (full 0):
 garbage-first heap   total 57344K, used 23314K [0x0000000604000000, 0x0000000800000000)
  region size 4096K, 1 young (4096K), 1 survivors (4096K)
 Metaspace       used 47105K, committed 47744K, reserved 1114112K
  class space    used 5700K, committed 6016K, reserved 1048576K
}
Event: 5.456 GC heap before
{Heap before GC invocations=12 (full 0):
 garbage-first heap   total 57344K, used 47890K [0x0000000604000000, 0x0000000800000000)
  region size 4096K, 7 young (28672K), 1 survivors (4096K)
 Metaspace       used 57133K, committed 57728K, reserved 1114112K
  class space    used 6994K, committed 7296K, reserved 1048576K
}
Event: 5.460 GC heap after
{Heap after GC invocations=13 (full 0):
 garbage-first heap   total 57344K, used 25868K [0x0000000604000000, 0x0000000800000000)
  region size 4096K, 1 young (4096K), 1 survivors (4096K)
 Metaspace       used 57133K, committed 57728K, reserved 1114112K
  class space    used 6994K, committed 7296K, reserved 1048576K
}
Event: 5.651 GC heap before
{Heap before GC invocations=13 (full 0):
 garbage-first heap   total 57344K, used 29964K [0x0000000604000000, 0x0000000800000000)
  region size 4096K, 3 young (12288K), 1 survivors (4096K)
 Metaspace       used 59477K, committed 60096K, reserved 1114112K
  class space    used 7307K, committed 7616K, reserved 1048576K
}
Event: 5.654 GC heap after
{Heap after GC invocations=14 (full 0):
 garbage-first heap   total 57344K, used 26185K [0x0000000604000000, 0x0000000800000000)
  region size 4096K, 1 young (4096K), 1 survivors (4096K)
 Metaspace       used 59477K, committed 60096K, reserved 1114112K
  class space    used 7307K, committed 7616K, reserved 1048576K
}
Event: 5.951 GC heap before
{Heap before GC invocations=15 (full 0):
 garbage-first heap   total 61440K, used 42569K [0x0000000604000000, 0x0000000800000000)
  region size 4096K, 5 young (20480K), 1 survivors (4096K)
 Metaspace       used 62562K, committed 63168K, reserved 1114112K
  class space    used 7705K, committed 8000K, reserved 1048576K
}
Event: 5.953 GC heap after
{Heap after GC invocations=16 (full 0):
 garbage-first heap   total 61440K, used 27271K [0x0000000604000000, 0x0000000800000000)
  region size 4096K, 1 young (4096K), 1 survivors (4096K)
 Metaspace       used 62562K, committed 63168K, reserved 1114112K
  class space    used 7705K, committed 8000K, reserved 1048576K
}
Event: 6.296 GC heap before
{Heap before GC invocations=16 (full 0):
 garbage-first heap   total 61440K, used 47751K [0x0000000604000000, 0x0000000800000000)
  region size 4096K, 6 young (24576K), 1 survivors (4096K)
 Metaspace       used 68750K, committed 69312K, reserved 1114112K
  class space    used 8571K, committed 8832K, reserved 1048576K
}
Event: 6.302 GC heap after
{Heap after GC invocations=17 (full 0):
 garbage-first heap   total 61440K, used 27553K [0x0000000604000000, 0x0000000800000000)
  region size 4096K, 1 young (4096K), 1 survivors (4096K)
 Metaspace       used 68750K, committed 69312K, reserved 1114112K
  class space    used 8571K, committed 8832K, reserved 1048576K
}
Event: 6.624 GC heap before
{Heap before GC invocations=17 (full 0):
 garbage-first heap   total 61440K, used 52129K [0x0000000604000000, 0x0000000800000000)
  region size 4096K, 7 young (28672K), 1 survivors (4096K)
 Metaspace       used 72135K, committed 72768K, reserved 1114112K
  class space    used 9130K, committed 9408K, reserved 1048576K
}
Event: 6.627 GC heap after
{Heap after GC invocations=18 (full 0):
 garbage-first heap   total 61440K, used 28310K [0x0000000604000000, 0x0000000800000000)
  region size 4096K, 1 young (4096K), 1 survivors (4096K)
 Metaspace       used 72135K, committed 72768K, reserved 1114112K
  class space    used 9130K, committed 9408K, reserved 1048576K
}
Event: 6.983 GC heap before
{Heap before GC invocations=18 (full 0):
 garbage-first heap   total 61440K, used 48790K [0x0000000604000000, 0x0000000800000000)
  region size 4096K, 6 young (24576K), 1 survivors (4096K)
 Metaspace       used 76623K, committed 77312K, reserved 1179648K
  class space    used 9700K, committed 9984K, reserved 1048576K
}
Event: 6.987 GC heap after
{Heap after GC invocations=19 (full 0):
 garbage-first heap   total 61440K, used 29906K [0x0000000604000000, 0x0000000800000000)
  region size 4096K, 1 young (4096K), 1 survivors (4096K)
 Metaspace       used 76623K, committed 77312K, reserved 1179648K
  class space    used 9700K, committed 9984K, reserved 1048576K
}
Event: 7.355 GC heap before
{Heap before GC invocations=20 (full 0):
 garbage-first heap   total 61440K, used 50386K [0x0000000604000000, 0x0000000800000000)
  region size 4096K, 6 young (24576K), 1 survivors (4096K)
 Metaspace       used 79291K, committed 80000K, reserved 1179648K
  class space    used 10143K, committed 10432K, reserved 1048576K
}
Event: 7.359 GC heap after
{Heap after GC invocations=21 (full 0):
 garbage-first heap   total 61440K, used 31600K [0x0000000604000000, 0x0000000800000000)
  region size 4096K, 1 young (4096K), 1 survivors (4096K)
 Metaspace       used 79291K, committed 80000K, reserved 1179648K
  class space    used 10143K, committed 10432K, reserved 1048576K
}
Event: 7.588 GC heap before
{Heap before GC invocations=21 (full 0):
 garbage-first heap   total 61440K, used 52080K [0x0000000604000000, 0x0000000800000000)
  region size 4096K, 6 young (24576K), 1 survivors (4096K)
 Metaspace       used 80697K, committed 81408K, reserved 1179648K
  class space    used 10309K, committed 10624K, reserved 1048576K
}
Event: 7.596 GC heap after
{Heap after GC invocations=22 (full 0):
 garbage-first heap   total 65536K, used 32025K [0x0000000604000000, 0x0000000800000000)
  region size 4096K, 1 young (4096K), 1 survivors (4096K)
 Metaspace       used 80697K, committed 81408K, reserved 1179648K
  class space    used 10309K, committed 10624K, reserved 1048576K
}
Event: 7.872 GC heap before
{Heap before GC invocations=22 (full 0):
 garbage-first heap   total 65536K, used 52505K [0x0000000604000000, 0x0000000800000000)
  region size 4096K, 6 young (24576K), 1 survivors (4096K)
 Metaspace       used 82711K, committed 83456K, reserved 1179648K
  class space    used 10578K, committed 10944K, reserved 1048576K
}
Event: 7.878 GC heap after
{Heap after GC invocations=23 (full 0):
 garbage-first heap   total 294912K, used 33564K [0x0000000604000000, 0x0000000800000000)
  region size 4096K, 1 young (4096K), 1 survivors (4096K)
 Metaspace       used 82711K, committed 83456K, reserved 1179648K
  class space    used 10578K, committed 10944K, reserved 1048576K
}

